<?xml version="1.0" encoding="utf-8"?>
<TestRun id="ba69e507-5cf4-4d96-9a26-b04769bfefde" name="luong.quockhang_amar@DESKTOP-BLQN21U 2026-05-08 09:00:17" runUser="O2F-IT\luong.quockhang_amar" xmlns="http://microsoft.com/schemas/VisualStudio/TeamTest/2010">
  <Times creation="2026-05-08T09:00:17.9557548+07:00" queuing="2026-05-08T09:00:17.9557557+07:00" start="2026-05-08T09:00:09.5027240+07:00" finish="2026-05-08T09:00:17.9817595+07:00" />
  <TestSettings name="default" id="d7108acd-2402-4503-ac5e-ae563ef50909">
    <Deployment runDeploymentRoot="luong.quockhang_amar_DESKTOP-BLQN21U_2026-05-08_09_00_17" />
  </TestSettings>
  <Results>
    <UnitTestResult executionId="5c03dfd3-8581-420c-b880-0686a0eb07a7" testId="82c5e7d9-1df6-a025-5e82-b607789d44c8" testName="TradingJournal.Tests.Integration.AiInsights.AiSetupLinkedTradeFlowTests.GenerateSetup_CreateLinkedTrade_ExposesSetupInAnalyticsAndReview" computerName="DESKTOP-BLQN21U" duration="00:00:00.0010000" startTime="2026-05-08T09:00:17.7437492+07:00" endTime="2026-05-08T09:00:17.7496183+07:00" testType="13cdc9d9-ddb5-4fa4-a97d-d965ccfc6d4b" outcome="Failed" testListId="8c84fa94-04c1-424b-9868-57a2d4851a1d" relativeResultsDirectory="5c03dfd3-8581-420c-b880-0686a0eb07a7">
      <Output>
        <ErrorInfo>
          <Message>Class fixture type 'TradingJournal.Tests.Integration.Infrastructure.TradingJournalWebFactory' threw in its constructor&#xD;
---- DotNet.Testcontainers.Builders.DockerUnavailableException : Docker is either not running or misconfigured. Please ensure that Docker is running and that the endpoint is properly configured.&#xD;
You can customize your configuration using either the environment variables or the ~/.testcontainers.properties file.&#xD;
For more information, visit: https://dotnet.testcontainers.org/custom_configuration/.&#xD;
  Details: &#xD;
    Failed to connect to Docker endpoint at 'npipe://./pipe/docker_engine'.&#xD;
-------- System.AggregateException : One or more errors occurred. (Failed to connect to Docker endpoint at 'npipe://./pipe/docker_engine'.)&#xD;
------------ DotNet.Testcontainers.Builders.DockerUnavailableException : Failed to connect to Docker endpoint at 'npipe://./pipe/docker_engine'.&#xD;
---------------- System.TimeoutException : The operation has timed out.</Message>
          <StackTrace>&#xD;
----- Inner Stack Trace -----&#xD;
   at DotNet.Testcontainers.Guard.ThrowIf[TType](ArgumentInfo`1&amp; argument, Func`2 condition, Func`2 ifClause) in /_/src/Testcontainers/Guard.Null.cs:line 62&#xD;
   at DotNet.Testcontainers.Builders.AbstractBuilder`4.Validate() in /_/src/Testcontainers/Builders/AbstractBuilder`4.cs:line 146&#xD;
   at DotNet.Testcontainers.Builders.ContainerBuilder`3.Validate() in /_/src/Testcontainers/Builders/ContainerBuilder`3.cs:line 497&#xD;
   at Testcontainers.MsSql.MsSqlBuilder.Validate() in /_/src/Testcontainers.MsSql/MsSqlBuilder.cs:line 107&#xD;
   at Testcontainers.MsSql.MsSqlBuilder.Build() in /_/src/Testcontainers.MsSql/MsSqlBuilder.cs:line 87&#xD;
   at TradingJournal.Tests.Integration.Infrastructure.TradingJournalWebFactory..ctor() in C:\project\.NET\trading-journal-backend\tests\TradingJournal.Tests.Integration\Infrastructure\TradingJournalWebFactory.cs:line 19&#xD;
   at System.Reflection.MethodBaseInvoker.InterpretedInvoke_Constructor(Object obj, IntPtr* args)&#xD;
   at System.Reflection.MethodBaseInvoker.InvokeWithNoArgs(Object obj, BindingFlags invokeAttr)&#xD;
----- Inner Stack Trace -----&#xD;
&#xD;
----- Inner Stack Trace -----&#xD;
&#xD;
----- Inner Stack Trace -----&#xD;
   at System.IO.Pipes.NamedPipeClientStream.ConnectInternal(Int32 timeout, CancellationToken cancellationToken, Int32 startTime)&#xD;
   at System.Threading.ExecutionContext.RunFromThreadPoolDispatchLoop(Thread threadPoolThread, ExecutionContext executionContext, ContextCallback callback, Object state)&#xD;
--- End of stack trace from previous location ---&#xD;
   at System.Threading.ExecutionContext.RunFromThreadPoolDispatchLoop(Thread threadPoolThread, ExecutionContext executionContext, ContextCallback callback, Object state)&#xD;
   at System.Threading.Tasks.Task.ExecuteWithThreadLocal(Task&amp; currentTaskSlot, Thread threadPoolThread)&#xD;
--- End of stack trace from previous location ---&#xD;
   at Docker.DotNet.DockerClient.&lt;&gt;c__DisplayClass5_0.&lt;&lt;-ctor&gt;b__0&gt;d.MoveNext() in /_/src/Docker.DotNet/DockerClient.cs:line 69&#xD;
--- End of stack trace from previous location ---&#xD;
   at Microsoft.Net.Http.Client.ManagedHandler.ProcessRequestAsync(HttpRequestMessage request, CancellationToken cancellationToken) in /_/src/Docker.DotNet/Microsoft.Net.Http.Client/ManagedHandler.cs:line 160&#xD;
   at Microsoft.Net.Http.Client.ManagedHandler.SendAsync(HttpRequestMessage httpRequestMessage, CancellationToken cancellationToken) in /_/src/Docker.DotNet/Microsoft.Net.Http.Client/ManagedHandler.cs:line 77&#xD;
   at System.Net.Http.HttpClient.&lt;SendAsync&gt;g__Core|83_0(HttpRequestMessage request, HttpCompletionOption completionOption, CancellationTokenSource cts, Boolean disposeCts, CancellationTokenSource pendingRequestsCts, CancellationToken originalCancellationToken)&#xD;
   at Docker.DotNet.DockerClient.PrivateMakeRequestAsync(TimeSpan timeout, HttpCompletionOption completionOption, HttpMethod method, String path, IQueryString queryString, IDictionary`2 headers, IRequestContent data, CancellationToken cancellationToken) in /_/src/Docker.DotNet/DockerClient.cs:line 433&#xD;
   at Docker.DotNet.DockerClient.MakeRequestAsync[T](IEnumerable`1 errorHandlers, HttpMethod method, String path, IQueryString queryString, IRequestContent body, IDictionary`2 headers, TimeSpan timeout, CancellationToken token) in /_/src/Docker.DotNet/DockerClient.cs:line 243&#xD;
   at DotNet.Testcontainers.Builders.DockerEndpointAuthenticationProvider.&lt;&gt;c__DisplayClass5_0.&lt;&lt;IsAvailable&gt;b__0&gt;d.MoveNext() in /_/src/Testcontainers/Builders/DockerEndpointAuthenticationProvider.cs:line 48</StackTrace>
        </ErrorInfo>
      </Output>
    </UnitTestResult>
  </Results>
  <TestDefinitions>
    <UnitTest name="TradingJournal.Tests.Integration.AiInsights.AiSetupLinkedTradeFlowTests.GenerateSetup_CreateLinkedTrade_ExposesSetupInAnalyticsAndReview" storage="c:\project\.net\trading-journal-backend\.artifacts\validation\integration-bin\debug\net10.0\tradingjournal.tests.integration.dll" id="82c5e7d9-1df6-a025-5e82-b607789d44c8">
      <Execution id="5c03dfd3-8581-420c-b880-0686a0eb07a7" />
      <TestMethod codeBase="c:\project\.NET\trading-journal-backend\.artifacts\validation\integration-bin\Debug\net10.0\TradingJournal.Tests.Integration.dll" adapterTypeName="executor://xunit/VsTestRunner3/netcore/" className="TradingJournal.Tests.Integration.AiInsights.AiSetupLinkedTradeFlowTests" name="GenerateSetup_CreateLinkedTrade_ExposesSetupInAnalyticsAndReview" />
    </UnitTest>
  </TestDefinitions>
  <TestEntries>
    <TestEntry testId="82c5e7d9-1df6-a025-5e82-b607789d44c8" executionId="5c03dfd3-8581-420c-b880-0686a0eb07a7" testListId="8c84fa94-04c1-424b-9868-57a2d4851a1d" />
  </TestEntries>
  <TestLists>
    <TestList name="Results Not in a List" id="8c84fa94-04c1-424b-9868-57a2d4851a1d" />
    <TestList name="All Loaded Results" id="19431567-8539-422a-85d7-44ee4e166bda" />
  </TestLists>
  <ResultSummary outcome="Failed">
    <Counters total="1" executed="1" passed="0" failed="1" error="0" timeout="0" aborted="0" inconclusive="0" passedButRunAborted="0" notRunnable="0" notExecuted="0" disconnected="0" warning="0" completed="0" inProgress="0" pending="0" />
    <Output>
      <StdOut>[xUnit.net 00:00:00.00] xUnit.net VSTest Adapter v3.1.5+1b188a7b0a (64-bit .NET 10.0.7)&#xD;
[xUnit.net 00:00:00.88]   Discovering: TradingJournal.Tests.Integration&#xD;
[xUnit.net 00:00:00.95]   Discovered:  TradingJournal.Tests.Integration&#xD;
[xUnit.net 00:00:00.99]   Starting:    TradingJournal.Tests.Integration&#xD;
[xUnit.net 00:00:06.90]       Class fixture type 'TradingJournal.Tests.Integration.Infrastructure.TradingJournalWebFactory' threw in its constructor&#xD;
[xUnit.net 00:00:06.90]       ---- DotNet.Testcontainers.Builders.DockerUnavailableException : Docker is either not running or misconfigured. Please ensure that Docker is running and that the endpoint is properly configured.&#xD;
[xUnit.net 00:00:06.90]       You can customize your configuration using either the environment variables or the ~/.testcontainers.properties file.&#xD;
[xUnit.net 00:00:06.90]       For more information, visit: https://dotnet.testcontainers.org/custom_configuration/.&#xD;
[xUnit.net 00:00:06.90]         Details: &#xD;
[xUnit.net 00:00:06.90]           Failed to connect to Docker endpoint at 'npipe://./pipe/docker_engine'.&#xD;
[xUnit.net 00:00:06.90]       -------- System.AggregateException : One or more errors occurred. (Failed to connect to Docker endpoint at 'npipe://./pipe/docker_engine'.)&#xD;
[xUnit.net 00:00:06.90]       ------------ DotNet.Testcontainers.Builders.DockerUnavailableException : Failed to connect to Docker endpoint at 'npipe://./pipe/docker_engine'.&#xD;
[xUnit.net 00:00:06.90]       ---------------- System.TimeoutException : The operation has timed out.&#xD;
[xUnit.net 00:00:06.90]       Stack Trace:&#xD;
[xUnit.net 00:00:06.90]         &#xD;
[xUnit.net 00:00:06.90]         ----- Inner Stack Trace -----&#xD;
[xUnit.net 00:00:06.90]         /_/src/Testcontainers/Guard.Null.cs(62,0): at DotNet.Testcontainers.Guard.ThrowIf[TType](ArgumentInfo`1&amp; argument, Func`2 condition, Func`2 ifClause)&#xD;
[xUnit.net 00:00:06.90]         /_/src/Testcontainers/Builders/AbstractBuilder`4.cs(146,0): at DotNet.Testcontainers.Builders.AbstractBuilder`4.Validate()&#xD;
[xUnit.net 00:00:06.90]         /_/src/Testcontainers/Builders/ContainerBuilder`3.cs(497,0): at DotNet.Testcontainers.Builders.ContainerBuilder`3.Validate()&#xD;
[xUnit.net 00:00:06.90]         /_/src/Testcontainers.MsSql/MsSqlBuilder.cs(107,0): at Testcontainers.MsSql.MsSqlBuilder.Validate()&#xD;
[xUnit.net 00:00:06.90]         /_/src/Testcontainers.MsSql/MsSqlBuilder.cs(87,0): at Testcontainers.MsSql.MsSqlBuilder.Build()&#xD;
[xUnit.net 00:00:06.90]         C:\project\.NET\trading-journal-backend\tests\TradingJournal.Tests.Integration\Infrastructure\TradingJournalWebFactory.cs(19,0): at TradingJournal.Tests.Integration.Infrastructure.TradingJournalWebFactory..ctor()&#xD;
[xUnit.net 00:00:06.90]            at System.Reflection.MethodBaseInvoker.InterpretedInvoke_Constructor(Object obj, IntPtr* args)&#xD;
[xUnit.net 00:00:06.90]            at System.Reflection.MethodBaseInvoker.InvokeWithNoArgs(Object obj, BindingFlags invokeAttr)&#xD;
[xUnit.net 00:00:06.90]         ----- Inner Stack Trace -----&#xD;
[xUnit.net 00:00:06.90]         &#xD;
[xUnit.net 00:00:06.90]         ----- Inner Stack Trace -----&#xD;
[xUnit.net 00:00:06.90]         &#xD;
[xUnit.net 00:00:06.90]         ----- Inner Stack Trace -----&#xD;
[xUnit.net 00:00:06.90]            at System.IO.Pipes.NamedPipeClientStream.ConnectInternal(Int32 timeout, CancellationToken cancellationToken, Int32 startTime)&#xD;
[xUnit.net 00:00:06.90]            at System.Threading.ExecutionContext.RunFromThreadPoolDispatchLoop(Thread threadPoolThread, ExecutionContext executionContext, ContextCallback callback, Object state)&#xD;
[xUnit.net 00:00:06.90]         --- End of stack trace from previous location ---&#xD;
[xUnit.net 00:00:06.90]            at System.Threading.ExecutionContext.RunFromThreadPoolDispatchLoop(Thread threadPoolThread, ExecutionContext executionContext, ContextCallback callback, Object state)&#xD;
[xUnit.net 00:00:06.90]            at System.Threading.Tasks.Task.ExecuteWithThreadLocal(Task&amp; currentTaskSlot, Thread threadPoolThread)&#xD;
[xUnit.net 00:00:06.90]         --- End of stack trace from previous location ---&#xD;
[xUnit.net 00:00:06.90]         /_/src/Docker.DotNet/DockerClient.cs(69,0): at Docker.DotNet.DockerClient.&lt;&gt;c__DisplayClass5_0.&lt;&lt;-ctor&gt;b__0&gt;d.MoveNext()&#xD;
[xUnit.net 00:00:06.90]         --- End of stack trace from previous location ---&#xD;
[xUnit.net 00:00:06.90]         /_/src/Docker.DotNet/Microsoft.Net.Http.Client/ManagedHandler.cs(160,0): at Microsoft.Net.Http.Client.ManagedHandler.ProcessRequestAsync(HttpRequestMessage request, CancellationToken cancellationToken)&#xD;
[xUnit.net 00:00:06.90]         /_/src/Docker.DotNet/Microsoft.Net.Http.Client/ManagedHandler.cs(77,0): at Microsoft.Net.Http.Client.ManagedHandler.SendAsync(HttpRequestMessage httpRequestMessage, CancellationToken cancellationToken)&#xD;
[xUnit.net 00:00:06.90]            at System.Net.Http.HttpClient.&lt;SendAsync&gt;g__Core|83_0(HttpRequestMessage request, HttpCompletionOption completionOption, CancellationTokenSource cts, Boolean disposeCts, CancellationTokenSource pendingRequestsCts, CancellationToken originalCancellationToken)&#xD;
[xUnit.net 00:00:06.90]         /_/src/Docker.DotNet/DockerClient.cs(433,0): at Docker.DotNet.DockerClient.PrivateMakeRequestAsync(TimeSpan timeout, HttpCompletionOption completionOption, HttpMethod method, String path, IQueryString queryString, IDictionary`2 headers, IRequestContent data, CancellationToken cancellationToken)&#xD;
[xUnit.net 00:00:06.90]         /_/src/Docker.DotNet/DockerClient.cs(243,0): at Docker.DotNet.DockerClient.MakeRequestAsync[T](IEnumerable`1 errorHandlers, HttpMethod method, String path, IQueryString queryString, IRequestContent body, IDictionary`2 headers, TimeSpan timeout, CancellationToken token)&#xD;
[xUnit.net 00:00:06.90]         /_/src/Testcontainers/Builders/DockerEndpointAuthenticationProvider.cs(48,0): at DotNet.Testcontainers.Builders.DockerEndpointAuthenticationProvider.&lt;&gt;c__DisplayClass5_0.&lt;&lt;IsAvailable&gt;b__0&gt;d.MoveNext()&#xD;
[xUnit.net 00:00:06.93]   Finished:    TradingJournal.Tests.Integration&#xD;
</StdOut>
    </Output>
    <RunInfos>
      <RunInfo computerName="DESKTOP-BLQN21U" outcome="Error" timestamp="2026-05-08T09:00:17.7874882+07:00">
        <Text>[xUnit.net 00:00:06.90]     TradingJournal.Tests.Integration.AiInsights.AiSetupLinkedTradeFlowTests.GenerateSetup_CreateLinkedTrade_ExposesSetupInAnalyticsAndReview [FAIL]</Text>
      </RunInfo>
    </RunInfos>
  </ResultSummary>
</TestRun>